<?xml version="1.0" encoding="UTF-8"?>
<!-- Generated by org.testng.reporters.JUnitReportReporter -->
<testsuite hostname="VENKAT-PC" failures="0" tests="1" name="praticeselinium.Redbus" time="18.400" errors="0" timestamp="2020-11-21T11:51:51 AST" skipped="0">
  <testcase classname="praticeselinium.Redbus" name="redbus" time="18.400"/>
  <system-out/>
</testsuite> <!-- praticeselinium.Redbus -->
